\BOOKMARK [1][-]{section.1}{\376\377\000I\000n\000t\000r\000o\000d\000u\000\347\000\343\000o}{}% 1
\BOOKMARK [1][-]{section.2}{\376\377\000C\000o\000n\000c\000e\000i\000t\000o\000s\000\040\000F\000u\000n\000d\000a\000m\000e\000n\000t\000a\000i\000s}{}% 2
\BOOKMARK [2][-]{subsection.2.1}{\376\377\000H\000i\000p\000\363\000t\000e\000s\000e\000s\000,\000\040\000E\000r\000r\000o\000s\000\040\000e\000\040\000P\000o\000d\000e\000r}{section.2}% 3
\BOOKMARK [2][-]{subsection.2.2}{\376\377\000F\000u\000n\000\347\000\343\000o\000\040\000c\000r\000\355\000t\000i\000c\000a\000\040\000e\000\040\000t\000e\000s\000t\000e\000s\000\040\000a\000l\000e\000a\000t\000o\000r\000i\000z\000a\000d\000o\000s}{section.2}% 4
\BOOKMARK [1][-]{section.3}{\376\377\000L\000e\000m\000a\000\040\000d\000e\000\040\000N\000e\000y\000m\000a\000n\040\023\000P\000e\000a\000r\000s\000o\000n}{}% 5
\BOOKMARK [1][-]{section.4}{\376\377\000F\000u\000n\000\347\000\343\000o\000\040\000P\000o\000d\000e\000r\000\040\000e\000\040\000C\000u\000r\000v\000a\000s\000\040\000d\000e\000\040\000P\000o\000d\000e\000r}{}% 6
\BOOKMARK [1][-]{section.5}{\376\377\000R\000V\000M\000\040\000e\000\040\000T\000e\000o\000r\000e\000m\000a\000\040\000d\000e\000\040\000K\000a\000r\000l\000i\000n\040\023\000R\000u\000b\000i\000n}{}% 7
\BOOKMARK [1][-]{section.6}{\376\377\000F\000a\000m\000\355\000l\000i\000a\000s\000\040\000C\000l\000\341\000s\000s\000i\000c\000a\000s}{}% 8
\BOOKMARK [2][-]{subsection.6.1}{\376\377\000P\000o\000i\000s\000s\000o\000n\000\050\000\051}{section.6}% 9
\BOOKMARK [2][-]{subsection.6.2}{\376\377\000E\000x\000p\000o\000n\000e\000n\000c\000i\000a\000l\000\050\000\051}{section.6}% 10
\BOOKMARK [2][-]{subsection.6.3}{\376\377\000B\000e\000r\000n\000o\000u\000l\000l\000i\000\050\000p\000\051}{section.6}% 11
\BOOKMARK [1][-]{section.7}{\376\377\000P\000r\000o\000c\000e\000d\000i\000m\000e\000n\000t\000o\000s\000\040\000O\000p\000e\000r\000a\000c\000i\000o\000n\000a\000i\000s}{}% 12
\BOOKMARK [2][-]{subsection.7.1}{\376\377\000T\000e\000s\000t\000e\000\040\000Z\000\040\000\050\000C\000o\000m\000p\000l\000e\000t\000o\000\051}{section.7}% 13
\BOOKMARK [3][-]{subsubsection.7.1.1}{\376\377\000R\000e\000s\000u\000m\000o\000\040\000d\000o\000\040\000T\000e\000s\000t\000e\000\040\000Z}{subsection.7.1}% 14
\BOOKMARK [2][-]{subsection.7.2}{\376\377\000T\000e\000s\000t\000e\000\040\0002\000\040\000\050\000C\000o\000m\000p\000l\000e\000t\000o\000\051}{section.7}% 15
\BOOKMARK [3][-]{subsubsection.7.2.1}{\376\377\000R\000e\000s\000u\000m\000o\000\040\000d\000o\000\040\000T\000e\000s\000t\000e\000\040\0002\000\040\000p\000a\000r\000a\000\040\000E\000x\000p\000o\000n\000e\000n\000c\000i\000a\000l}{subsection.7.2}% 16
\BOOKMARK [1][-]{section.8}{\376\377\000C\000o\000n\000s\000t\000r\000u\000\347\000\343\000o\000\040\000d\000e\000\040\000R\000e\000g\000i\000\365\000e\000s\000\040\000C\000r\000\355\000t\000i\000c\000a\000s}{}% 17
\BOOKMARK [1][-]{section.9}{\376\377\000E\000x\000e\000m\000p\000l\000o\000s\000\040\000G\000u\000i\000a\000s}{}% 18
\BOOKMARK [2][-]{subsection.9.1}{\376\377\000N\000o\000r\000m\000a\000l\000\040\000\050\000Z\000\051}{section.9}% 19
\BOOKMARK [2][-]{subsection.9.2}{\376\377\000P\000o\000i\000s\000s\000o\000n}{section.9}% 20
\BOOKMARK [2][-]{subsection.9.3}{\376\377\000E\000x\000p\000o\000n\000e\000n\000c\000i\000a\000l}{section.9}% 21
\BOOKMARK [1][-]{section.10}{\376\377\000E\000x\000e\000r\000c\000\355\000c\000i\000o\000s}{}% 22
\BOOKMARK [1][-]{section.11}{\376\377\000A\000p\000\352\000n\000d\000i\000c\000e}{}% 23
\BOOKMARK [2][-]{subsection.11.1}{\376\377\000F\000i\000g\000u\000r\000a\000s\000\040\000d\000e\000\040\000C\000a\000u\000d\000a\000\040\000\050\000Z\000\051}{section.11}% 24
