\BOOKMARK [1][-]{section.1}{\376\377\000I\000n\000t\000r\000o\000d\000u\000\347\000\343\000o}{}% 1
\BOOKMARK [1][-]{section.2}{\376\377\000L\000e\000m\000a\000\040\000d\000e\000\040\000N\000e\000y\000m\000a\000n\000-\000P\000e\000a\000r\000s\000o\000n}{}% 2
\BOOKMARK [1][-]{section.3}{\376\377\000T\000e\000o\000r\000e\000m\000a\000\040\000d\000e\000\040\000K\000a\000r\000l\000i\000n\000-\000R\000u\000b\000i\000n}{}% 3
\BOOKMARK [1][-]{section.4}{\376\377\000C\000o\000n\000s\000t\000r\000u\000\347\000\343\000o\000\040\000d\000e\000\040\000T\000e\000s\000t\000e\000s\000\040\000M\000P\000/\000U\000M\000P\000\040\000p\000a\000r\000a\000\040\000F\000a\000m\000\355\000l\000i\000a\000s\000\040\000C\000l\000\341\000s\000s\000i\000c\000a\000s}{}% 4
\BOOKMARK [2][-]{subsection.4.1}{\376\377\000T\000e\000s\000t\000e\000\040\000M\000P\000\040\000p\000a\000r\000a\000\040\000N\000o\000r\000m\000a\000l\000\040\000\050\000M\000\351\000d\000i\000a\000,\000\040\000V\000a\000r\000i\000\342\000n\000c\000i\000a\000\040\000C\000o\000n\000h\000e\000c\000i\000d\000a\000\051}{section.4}% 5
\BOOKMARK [2][-]{subsection.4.2}{\376\377\000T\000e\000s\000t\000e\000\040\000M\000P\000\040\000p\000a\000r\000a\000\040\000E\000x\000p\000o\000n\000e\000n\000c\000i\000a\000l}{section.4}% 6
\BOOKMARK [2][-]{subsection.4.3}{\376\377\000T\000e\000s\000t\000e\000\040\000M\000P\000\040\000p\000a\000r\000a\000\040\000P\000o\000i\000s\000s\000o\000n}{section.4}% 7
\BOOKMARK [2][-]{subsection.4.4}{\376\377\000T\000e\000s\000t\000e\000\040\000M\000P\000\040\000p\000a\000r\000a\000\040\000B\000e\000r\000n\000o\000u\000l\000l\000i}{section.4}% 8
\BOOKMARK [1][-]{section.5}{\376\377\000T\000e\000s\000t\000e\000\040\000U\000M\000P\000\040\000p\000a\000r\000a\000\040\000D\000i\000s\000t\000r\000i\000b\000u\000i\000\347\000\343\000o\000\040\000U\000n\000i\000f\000o\000r\000m\000e}{}% 9
\BOOKMARK [1][-]{section.6}{\376\377\000F\000u\000n\000\347\000\343\000o\000\040\000P\000o\000d\000e\000r\000\040\000e\000\040\000P\000r\000o\000p\000r\000i\000e\000d\000a\000d\000e\000s}{}% 10
\BOOKMARK [2][-]{subsection.6.1}{\376\377\000E\000x\000e\000m\000p\000l\000o\000:\000\040\000F\000u\000n\000\347\000\343\000o\000\040\000P\000o\000d\000e\000r\000\040\000p\000a\000r\000a\000\040\000T\000e\000s\000t\000e\000\040\000Z}{section.6}% 11
\BOOKMARK [1][-]{section.7}{\376\377\000R\000a\000n\000k\000i\000n\000g\000\040\000d\000e\000\040\000P\000r\000i\000o\000r\000i\000d\000a\000d\000e\000\040\000d\000a\000s\000\040\000D\000e\000m\000o\000n\000s\000t\000r\000a\000\347\000\365\000e\000s}{}% 12
\BOOKMARK [2][-]{subsection.7.1}{\376\377\000T\000a\000b\000e\000l\000a\000\040\000d\000e\000\040\000A\000v\000a\000l\000i\000a\000\347\000\343\000o}{section.7}% 13
\BOOKMARK [2][-]{subsection.7.2}{\376\377\000R\000a\000n\000k\000i\000n\000g\000\040\000F\000i\000n\000a\000l\000:\000\040\000T\000o\000p\000\040\0005\000\040\000D\000e\000m\000o\000n\000s\000t\000r\000a\000\347\000\365\000e\000s}{section.7}% 14
\BOOKMARK [3][-]{subsubsection.7.2.1}{\376\377\0001\000\272\000\040\000L\000u\000g\000a\000r\000:\000\040\000T\000e\000o\000r\000e\000m\000a\000\040\000d\000e\000\040\000K\000a\000r\000l\000i\000n\000-\000R\000u\000b\000i\000n\000\040\000\050\000N\000o\000t\000a\000:\000\040\0008\000.\0009\0005\000\051}{subsection.7.2}% 15
\BOOKMARK [3][-]{subsubsection.7.2.2}{\376\377\0002\000\272\000\040\000L\000u\000g\000a\000r\000:\000\040\000L\000e\000m\000a\000\040\000d\000e\000\040\000N\000e\000y\000m\000a\000n\000-\000P\000e\000a\000r\000s\000o\000n\000\040\000\050\000N\000o\000t\000a\000:\000\040\0008\000.\0008\0005\000\051}{subsection.7.2}% 16
\BOOKMARK [3][-]{subsubsection.7.2.3}{\376\377\0003\000\272\000\040\000L\000u\000g\000a\000r\000:\000\040\000T\000e\000s\000t\000e\000\040\000M\000P\000\040\000p\000a\000r\000a\000\040\000N\000o\000r\000m\000a\000l\000\040\000\050\000N\000o\000t\000a\000:\000\040\0007\000.\0007\0005\000\051}{subsection.7.2}% 17
\BOOKMARK [3][-]{subsubsection.7.2.4}{\376\377\0004\000\272\000\040\000L\000u\000g\000a\000r\000:\000\040\000T\000e\000s\000t\000e\000\040\000M\000P\000\040\000p\000a\000r\000a\000\040\000E\000x\000p\000o\000n\000e\000n\000c\000i\000a\000l\000\040\000\050\000N\000o\000t\000a\000:\000\040\0007\000.\0000\0005\000\051}{subsection.7.2}% 18
\BOOKMARK [3][-]{subsubsection.7.2.5}{\376\377\0005\000\272\000\040\000L\000u\000g\000a\000r\000:\000\040\000T\000e\000s\000t\000e\000\040\000U\000M\000P\000\040\000p\000a\000r\000a\000\040\000U\000n\000i\000f\000o\000r\000m\000e\000\040\000\050\000N\000o\000t\000a\000:\000\040\0006\000.\0009\0005\000\051}{subsection.7.2}% 19
\BOOKMARK [2][-]{subsection.7.3}{\376\377\000E\000s\000t\000r\000a\000t\000\351\000g\000i\000a\000\040\000d\000e\000\040\000E\000s\000t\000u\000d\000o\000\040\000R\000e\000c\000o\000m\000e\000n\000d\000a\000d\000a}{section.7}% 20
\BOOKMARK [2][-]{subsection.7.4}{\376\377\000O\000b\000s\000e\000r\000v\000a\000\347\000\365\000e\000s\000\040\000F\000i\000n\000a\000i\000s}{section.7}% 21
