\BOOKMARK [1][-]{section.1}{\376\377\000I\000n\000t\000r\000o\000d\000u\000\347\000\343\000o\000\040\000a\000o\000s\000\040\000M\000\351\000t\000o\000d\000o\000s\000\040\000B\000a\000y\000e\000s\000i\000a\000n\000o\000s}{}% 1
\BOOKMARK [2][-]{subsection.1.1}{\376\377\000C\000o\000m\000p\000a\000r\000a\000\347\000\343\000o\000:\000\040\000I\000n\000f\000e\000r\000\352\000n\000c\000i\000a\000\040\000C\000l\000\341\000s\000s\000i\000c\000a\000\040\000v\000s\000.\000\040\000I\000n\000f\000e\000r\000\352\000n\000c\000i\000a\000\040\000B\000a\000y\000e\000s\000i\000a\000n\000a}{section.1}% 2
\BOOKMARK [2][-]{subsection.1.2}{\376\377\000O\000\040\000P\000a\000r\000a\000d\000i\000g\000m\000a\000\040\000B\000a\000y\000e\000s\000i\000a\000n\000o}{section.1}% 3
\BOOKMARK [2][-]{subsection.1.3}{\376\377\000T\000e\000o\000r\000e\000m\000a\000\040\000d\000e\000\040\000B\000a\000y\000e\000s}{section.1}% 4
\BOOKMARK [1][-]{section.2}{\376\377\000D\000i\000s\000t\000r\000i\000b\000u\000i\000\347\000\365\000e\000s\000\040\000a\000\040\000P\000r\000i\000o\000r\000i\000\040\000e\000\040\000a\000\040\000P\000o\000s\000t\000e\000r\000i\000o\000r\000i}{}% 5
\BOOKMARK [2][-]{subsection.2.1}{\376\377\000E\000l\000e\000m\000e\000n\000t\000o\000s\000\040\000d\000a\000\040\000I\000n\000f\000e\000r\000\352\000n\000c\000i\000a\000\040\000B\000a\000y\000e\000s\000i\000a\000n\000a}{section.2}% 6
\BOOKMARK [3][-]{subsubsection.2.1.1}{\376\377\000E\000l\000e\000m\000e\000n\000t\000o\000\040\0001\000:\000\040\000D\000i\000s\000t\000r\000i\000b\000u\000i\000\347\000\343\000o\000\040\000a\000\040\000P\000r\000i\000o\000r\000i}{subsection.2.1}% 7
\BOOKMARK [3][-]{subsubsection.2.1.2}{\376\377\000E\000l\000e\000m\000e\000n\000t\000o\000\040\0002\000:\000\040\000A\000m\000o\000s\000t\000r\000a\000\040\000A\000l\000e\000a\000t\000\363\000r\000i\000a}{subsection.2.1}% 8
\BOOKMARK [3][-]{subsubsection.2.1.3}{\376\377\000E\000l\000e\000m\000e\000n\000t\000o\000\040\0003\000:\000\040\000E\000s\000t\000a\000t\000\355\000s\000t\000i\000c\000a\000\040\000S\000u\000f\000i\000c\000i\000e\000n\000t\000e}{subsection.2.1}% 9
\BOOKMARK [3][-]{subsubsection.2.1.4}{\376\377\000E\000l\000e\000m\000e\000n\000t\000o\000\040\0004\000:\000\040\000D\000i\000s\000t\000r\000i\000b\000u\000i\000\347\000\343\000o\000\040\000C\000o\000n\000j\000u\000n\000t\000a}{subsection.2.1}% 10
\BOOKMARK [3][-]{subsubsection.2.1.5}{\376\377\000E\000l\000e\000m\000e\000n\000t\000o\000\040\0005\000:\000\040\000D\000i\000s\000t\000r\000i\000b\000u\000i\000\347\000\343\000o\000\040\000M\000a\000r\000g\000i\000n\000a\000l}{subsection.2.1}% 11
\BOOKMARK [3][-]{subsubsection.2.1.6}{\376\377\000E\000l\000e\000m\000e\000n\000t\000o\000\040\0006\000:\000\040\000D\000i\000s\000t\000r\000i\000b\000u\000i\000\347\000\343\000o\000\040\000a\000\040\000P\000o\000s\000t\000e\000r\000i\000o\000r\000i}{subsection.2.1}% 12
\BOOKMARK [2][-]{subsection.2.2}{\376\377\000E\000x\000e\000r\000c\000\355\000c\000i\000o\000s\000\040\000R\000e\000s\000o\000l\000v\000i\000d\000o\000s}{section.2}% 13
\BOOKMARK [1][-]{section.3}{\376\377\000P\000r\000i\000o\000r\000i\000\040\000C\000o\000n\000j\000u\000g\000a\000d\000a}{}% 14
\BOOKMARK [2][-]{subsection.3.1}{\376\377\000M\000o\000t\000i\000v\000a\000\347\000\343\000o}{section.3}% 15
\BOOKMARK [2][-]{subsection.3.2}{\376\377\000D\000e\000f\000i\000n\000i\000\347\000\343\000o\000\040\000d\000e\000\040\000P\000r\000i\000o\000r\000i\000\040\000C\000o\000n\000j\000u\000g\000a\000d\000a}{section.3}% 16
\BOOKMARK [2][-]{subsection.3.3}{\376\377\000E\000x\000e\000r\000c\000\355\000c\000i\000o\000s\000\040\000R\000e\000s\000o\000l\000v\000i\000d\000o\000s}{section.3}% 17
\BOOKMARK [2][-]{subsection.3.4}{\376\377\000T\000a\000b\000e\000l\000a\000\040\000d\000e\000\040\000P\000r\000i\000o\000r\000i\000s\000\040\000C\000o\000n\000j\000u\000g\000a\000d\000a\000s\000\040\000C\000o\000m\000u\000n\000s}{section.3}% 18
\BOOKMARK [1][-]{section.4}{\376\377\000E\000s\000t\000i\000m\000a\000d\000o\000r\000e\000s\000\040\000B\000a\000y\000e\000s\000i\000a\000n\000o\000s}{}% 19
\BOOKMARK [2][-]{subsection.4.1}{\376\377\000M\000o\000t\000i\000v\000a\000\347\000\343\000o\000\040\000\340\000\040\000E\000s\000t\000i\000m\000a\000\347\000\343\000o\000\040\000B\000a\000y\000e\000s\000i\000a\000n\000a}{section.4}% 20
\BOOKMARK [2][-]{subsection.4.2}{\376\377\000C\000o\000n\000t\000e\000x\000t\000o\000\040\000e\000\040\000N\000o\000t\000a\000\347\000\343\000o}{section.4}% 21
\BOOKMARK [2][-]{subsection.4.3}{\376\377\000F\000u\000n\000\347\000\343\000o\000\040\000d\000e\000\040\000P\000e\000r\000d\000a\000\040\000e\000\040\000R\000i\000s\000c\000o}{section.4}% 22
\BOOKMARK [2][-]{subsection.4.4}{\376\377\000R\000i\000s\000c\000o\000\040\000B\000a\000y\000e\000s\000i\000a\000n\000o}{section.4}% 23
\BOOKMARK [2][-]{subsection.4.5}{\376\377\000T\000e\000o\000r\000e\000m\000a\000s\000\040\000F\000u\000n\000d\000a\000m\000e\000n\000t\000a\000i\000s}{section.4}% 24
\BOOKMARK [2][-]{subsection.4.6}{\376\377\000D\000e\000f\000i\000n\000i\000\347\000\343\000o\000\040\000G\000e\000r\000a\000l\000\040\000d\000e\000\040\000E\000s\000t\000i\000m\000a\000d\000o\000r\000\040\000B\000a\000y\000e\000s\000i\000a\000n\000o}{section.4}% 25
\BOOKMARK [2][-]{subsection.4.7}{\376\377\000E\000x\000e\000r\000c\000\355\000c\000i\000o\000s\000\040\000R\000e\000s\000o\000l\000v\000i\000d\000o\000s}{section.4}% 26
\BOOKMARK [1][-]{section.5}{\376\377\000R\000e\000s\000u\000m\000o\000\040\000d\000e\000\040\000F\000\363\000r\000m\000u\000l\000a\000s\000\040\000I\000m\000p\000o\000r\000t\000a\000n\000t\000e\000s}{}% 27
\BOOKMARK [2][-]{subsection.5.1}{\376\377\000F\000\363\000r\000m\000u\000l\000a\000s\000\040\000F\000u\000n\000d\000a\000m\000e\000n\000t\000a\000i\000s}{section.5}% 28
\BOOKMARK [2][-]{subsection.5.2}{\376\377\000P\000r\000o\000p\000r\000i\000e\000d\000a\000d\000e\000s\000\040\000d\000a\000\040\000F\000u\000n\000\347\000\343\000o\000\040\000G\000a\000m\000a\000\040\000e\000\040\000B\000e\000t\000a}{section.5}% 29
\BOOKMARK [1][-]{section.6}{\376\377\000O\000b\000s\000e\000r\000v\000a\000\347\000\365\000e\000s\000\040\000F\000i\000n\000a\000i\000s}{}% 30
