\BOOKMARK [1][-]{section.1}{\376\377\000I\000n\000t\000r\000o\000d\000u\000\347\000\343\000o\000\040\000a\000o\000s\000\040\000I\000n\000t\000e\000r\000v\000a\000l\000o\000s\000\040\000d\000e\000\040\000C\000o\000n\000f\000i\000a\000n\000\347\000a}{}% 1
\BOOKMARK [2][-]{subsection.1.1}{\376\377\000D\000a\000t\000a\000:\000\040\0001\0000\000/\0001\0001\000/\0002\0005}{section.1}% 2
\BOOKMARK [2][-]{subsection.1.2}{\376\377\000P\000r\000o\000b\000a\000b\000i\000l\000i\000d\000a\000d\000e\000\040\000d\000e\000\040\000C\000o\000b\000e\000r\000t\000u\000r\000a}{section.1}% 3
\BOOKMARK [2][-]{subsection.1.3}{\376\377\000C\000o\000e\000f\000i\000c\000i\000e\000n\000t\000e\000\040\000d\000e\000\040\000C\000o\000n\000f\000i\000a\000n\000\347\000a}{section.1}% 4
\BOOKMARK [1][-]{section.2}{\376\377\000Q\000u\000e\000s\000t\000\343\000o\000\040\0005\000.\0001\000:\000\040\000C\000o\000m\000p\000a\000r\000a\000\347\000\343\000o\000\040\000d\000e\000\040\000I\000n\000t\000e\000r\000v\000a\000l\000o\000s\000\040\000d\000e\000\040\000C\000o\000n\000f\000i\000a\000n\000\347\000a}{}% 5
\BOOKMARK [1][-]{section.3}{\376\377\000M\000\351\000t\000o\000d\000o\000s\000\040\000p\000a\000r\000a\000\040\000C\000o\000n\000s\000t\000r\000u\000\347\000\343\000o\000\040\000d\000e\000\040\000I\000n\000t\000e\000r\000v\000a\000l\000o\000s\000\040\000d\000e\000\040\000C\000o\000n\000f\000i\000a\000n\000\347\000a}{}% 6
\BOOKMARK [2][-]{subsection.3.1}{\376\377\000D\000a\000t\000a\000:\000\040\0001\0002\000/\0001\0001\000/\0002\0000\0001\0005}{section.3}% 7
\BOOKMARK [2][-]{subsection.3.2}{\376\377\000I\000n\000v\000e\000r\000s\000\343\000o\000\040\000d\000e\000\040\000u\000m\000\040\000P\000r\000o\000c\000e\000d\000i\000m\000e\000n\000t\000o\000\040\000d\000e\000\040\000T\000e\000s\000t\000e}{section.3}% 8
\BOOKMARK [1][-]{section.4}{\376\377\000Q\000u\000e\000s\000t\000\343\000o\000\040\0005\000.\0002\000:\000\040\000I\000C\000\040\000p\000a\000r\000a\000\040\000N\000o\000r\000m\000a\000l\000\040\000\050\000V\000a\000r\000i\000\342\000n\000c\000i\000a\000\040\000C\000o\000n\000h\000e\000c\000i\000d\000a\000\051\000\040\000v\000i\000a\000\040\000I\000n\000v\000e\000r\000s\000\343\000o}{}% 9
\BOOKMARK [1][-]{section.5}{\376\377\000Q\000u\000e\000s\000t\000\343\000o\000\040\0005\000.\0003\000:\000\040\000I\000C\000\040\000p\000a\000r\000a\000\040\000E\000x\000p\000o\000n\000e\000n\000c\000i\000a\000l\000\040\000v\000i\000a\000\040\000I\000n\000v\000e\000r\000s\000\343\000o}{}% 10
\BOOKMARK [1][-]{section.6}{\376\377\000A\000b\000o\000r\000d\000a\000g\000e\000m\000\040\000p\000e\000l\000a\000\040\000E\000s\000t\000a\000t\000\355\000s\000t\000i\000c\000a\000\040\000P\000i\000v\000o\000t\000a\000l}{}% 11
\BOOKMARK [1][-]{section.7}{\376\377\000Q\000u\000e\000s\000t\000\343\000o\000\040\0005\000.\0004\000:\000\040\000I\000C\000\040\000p\000a\000r\000a\000\040\000E\000x\000p\000o\000n\000e\000n\000c\000i\000a\000l\000\040\000u\000s\000a\000n\000d\000o\000\040\000P\000i\000v\000\364}{}% 12
\BOOKMARK [2][-]{subsection.7.1}{\376\377\000D\000a\000t\000a\000:\000\040\0001\0002\000/\0001\0001\000/\0002\0005}{section.7}% 13
\BOOKMARK [1][-]{section.8}{\376\377\000Q\000u\000e\000s\000t\000\343\000o\000\040\0005\000.\0005\000:\000\040\000I\000C\000\040\000p\000a\000r\000a\000\040\000U\000n\000i\000f\000o\000r\000m\000e\000\050\0000\000,\000\040\000\051\000\040\000u\000s\000a\000n\000d\000o\000\040\000P\000i\000v\000\364}{}% 14
\BOOKMARK [1][-]{section.9}{\376\377\000Q\000u\000e\000s\000t\000\343\000o\000\040\0005\000.\0006\000:\000\040\000I\000C\000\040\000B\000i\000l\000a\000t\000e\000r\000a\000l\000\040\000p\000a\000r\000a\000\040\000N\000o\000r\000m\000a\000l\000\040\000\050\000V\000a\000r\000i\000\342\000n\000c\000i\000a\000\040\000C\000o\000n\000h\000e\000c\000i\000d\000a\000\051}{}% 15
\BOOKMARK [1][-]{section.10}{\376\377\000Q\000u\000e\000s\000t\000\343\000o\000\040\0005\000.\0007\000:\000\040\000I\000C\000\040\000B\000i\000l\000a\000t\000e\000r\000a\000l\000\040\000p\000a\000r\000a\000\040\000N\000o\000r\000m\000a\000l\000\040\000\050\000V\000a\000r\000i\000\342\000n\000c\000i\000a\000\040\000D\000e\000s\000c\000o\000n\000h\000e\000c\000i\000d\000a\000\051}{}% 16
\BOOKMARK [1][-]{section.11}{\376\377\000E\000x\000e\000r\000c\000\355\000c\000i\000o\000s\000\040\000A\000d\000i\000c\000i\000o\000n\000a\000i\000s}{}% 17
\BOOKMARK [2][-]{subsection.11.1}{\376\377\000E\000x\000e\000r\000c\000\355\000c\000i\000o\000:\000\040\000I\000C\000\040\000p\000a\000r\000a\000\040\000a\000\040\000V\000a\000r\000i\000\342\000n\000c\000i\000a}{section.11}% 18
\BOOKMARK [1][-]{section.12}{\376\377\000P\000r\000o\000b\000l\000e\000m\000a\000\040\000p\000a\000r\000a\000\040\000D\000u\000a\000s\000\040\000A\000m\000o\000s\000t\000r\000a\000s}{}% 19
\BOOKMARK [2][-]{subsection.12.1}{\376\377\000S\000e\000\347\000\343\000o\000\040\0005\000.\0003\000\040\000-\000\040\000E\000x\000t\000e\000n\000s\000\343\000o\000\040\000p\000a\000r\000a\000\040\000D\000u\000a\000s\000\040\000A\000m\000o\000s\000t\000r\000a\000s}{section.12}% 20
\BOOKMARK [1][-]{section.13}{\376\377\000I\000n\000t\000e\000r\000v\000a\000l\000o\000s\000\040\000d\000e\000\040\000C\000o\000n\000f\000i\000a\000n\000\347\000a\000\040\000p\000a\000r\000a\000\040\000D\000u\000a\000s\000\040\000A\000m\000o\000s\000t\000r\000a\000s}{}% 21
\BOOKMARK [2][-]{subsection.13.1}{\376\377\000A\000b\000o\000r\000d\000a\000g\000e\000m\000\040\000G\000e\000r\000a\000l\000\040\000p\000a\000r\000a\000\040\000D\000u\000a\000s\000\040\000A\000m\000o\000s\000t\000r\000a\000s}{section.13}% 22
\BOOKMARK [2][-]{subsection.13.2}{\376\377\000C\000o\000m\000p\000a\000r\000a\000n\000d\000o\000\040\000P\000a\000r\000\342\000m\000e\000t\000r\000o\000s\000\040\000d\000e\000\040\000L\000o\000c\000a\000l\000i\000z\000a\000\347\000\343\000o}{section.13}% 23
\BOOKMARK [2][-]{subsection.13.3}{\376\377\000C\000o\000m\000p\000a\000r\000a\000\347\000\343\000o\000\040\000d\000e\000\040\000E\000s\000c\000a\000l\000a}{section.13}% 24
\BOOKMARK [1][-]{section*.12}{\376\377\000R\000e\000s\000u\000m\000o\000\040\000d\000o\000\040\000C\000a\000p\000\355\000t\000u\000l\000o}{}% 25
