This is pdfTeX, Version 3.141592653-2.6-1.40.27 (MiKTeX 25.4) (preloaded format=pdflatex 2025.10.21)  17 NOV 2025 21:27
entering extended mode
 restricted \write18 enabled.
 %&-line parsing enabled.
**./references.bib
(references.bib
LaTeX2e <2025-06-01> patch level 1
L3 programming layer <2025-09-02>

! LaTeX Error: Missing \begin{document}.

See the LaTeX manual or LaTeX Companion for explanation.
Type  H <return>  for immediate help.
 ...                                              
                                                  
l.1 @
     book{casella2002,
? 
! Emergency stop.
 ...                                              
                                                  
l.1 @
     book{casella2002,
You're in trouble here.  Try typing  <return>  to proceed.
If that doesn't work, type  X <return>  to quit.

 
Here is how much of TeX's memory you used:
 18 strings out of 468130
 647 string characters out of 5431116
 430987 words of memory out of 5000000
 28736 multiletter control sequences out of 15000+600000
 626825 words of font info for 40 fonts, out of 8000000 for 9000
 1141 hyphenation exceptions out of 8191
 15i,0n,18p,70b,14s stack positions out of 10000i,1000n,20000p,200000b,200000s
!  ==> Fatal error occurred, no output PDF file produced!
