\BOOKMARK [1][-]{section.0.1}{\376\377\000I\000n\000t\000r\000o\000d\000u\000\347\000\343\000o}{}% 1
\BOOKMARK [1][-]{section.0.2}{\376\377\000M\000e\000t\000o\000d\000o\000l\000o\000g\000i\000a\000\040\000d\000e\000\040\000A\000n\000\341\000l\000i\000s\000e}{}% 2
\BOOKMARK [1][-]{section.0.3}{\376\377\000A\000n\000\341\000l\000i\000s\000e\000\040\000M\000a\000t\000e\000m\000\341\000t\000i\000c\000a\000\040\000D\000e\000t\000a\000l\000h\000a\000d\000a\000\040\000d\000o\000\040\000T\000e\000s\000t\000e\000\040\000H\0000\000:\000\040\000b\000o\000l\000d\0000\000m\000u\000\040\000m\000u\000m\000u\000\040\000`\0001\0002\000`\0001\0002\000`\0001\003\004\0002\0001\000\040\000=\000\040\0000\000p}{}% 3
\BOOKMARK [2][-]{subsection.0.3.1}{\376\377\000F\000u\000n\000d\000a\000m\000e\000n\000t\000o\000s\000\040\000T\000e\000\363\000r\000i\000c\000o\000s\000\040\000N\000e\000c\000e\000s\000s\000\341\000r\000i\000o\000s\000\040\000p\000a\000r\000a\000\040\000o\000\040\000T\000e\000s\000t\000e\000\040\000H\0000\000:\000\040\000b\000o\000l\000d\0000\000m\000u\000\040\000m\000u\000m\000u\000\040\000`\0001\0002\000`\0001\0002\000`\0001\003\004\0002\0001\000\040\000=\000\040\0000\000p}{section.0.3}% 4
\BOOKMARK [2][-]{subsection.0.3.2}{\376\377\000V\000e\000r\000i\000f\000i\000c\000a\000\347\000\343\000o\000\040\000d\000e\000\040\000P\000r\000o\000p\000r\000i\000e\000d\000a\000d\000e\000s\000\040\000E\000s\000t\000a\000t\000\355\000s\000t\000i\000c\000a\000s}{section.0.3}% 5
\BOOKMARK [2][-]{subsection.0.3.3}{\376\377\000V\000e\000r\000i\000f\000i\000c\000a\000\347\000\343\000o\000\040\000d\000o\000\040\000T\000e\000o\000r\000e\000m\000a\000\040\000d\000e\000\040\000C\000o\000c\000h\000r\000a\000n}{section.0.3}% 6
\BOOKMARK [2][-]{subsection.0.3.4}{\376\377\000A\000n\000\341\000l\000i\000s\000e\000\040\000D\000e\000t\000a\000l\000h\000a\000d\000a\000\040\000d\000o\000\040\000T\000e\000s\000t\000e\000\040\000H\0000\000:\000\040\000b\000o\000l\000d\0000\000m\000u\000\040\000m\000u\000m\000u\000\040\000`\0001\0002\000`\0001\0002\000`\0001\003\004\0002\0001\000\040\000=\000\040\0000\000p}{section.0.3}% 7
\BOOKMARK [1][-]{section.0.4}{\376\377\000V\000e\000r\000i\000f\000i\000c\000a\000\347\000\343\000o\000\040\000d\000e\000\040\000C\000o\000e\000r\000\352\000n\000c\000i\000a\000\040\000T\000e\000m\000\341\000t\000i\000c\000a\000:\000\040\000F\000o\000c\000o\000\040\000n\000o\000\040\000T\000e\000s\000t\000e\000\040\000H\0000\000:\000\040\000b\000o\000l\000d\0000\000m\000u\000\040\000m\000u\000m\000u\000\040\000`\0001\0002\000`\0001\0002\000`\0001\003\004\0002\0001\000\040\000=\000\040\0000\000p}{}% 8
\BOOKMARK [2][-]{subsection.0.4.1}{\376\377\000A\000l\000i\000n\000h\000a\000m\000e\000n\000t\000o\000\040\000c\000o\000m\000\040\000o\000\040\000T\000e\000m\000a}{section.0.4}% 9
\BOOKMARK [2][-]{subsection.0.4.2}{\376\377\000E\000s\000t\000r\000u\000t\000u\000r\000a\000\040\000e\000\040\000O\000r\000g\000a\000n\000i\000z\000a\000\347\000\343\000o}{section.0.4}% 10
\BOOKMARK [2][-]{subsection.0.4.3}{\376\377\000C\000o\000m\000p\000l\000e\000t\000u\000d\000e\000\040\000d\000o\000\040\000C\000o\000n\000t\000e\000\372\000d\000o}{section.0.4}% 11
\BOOKMARK [1][-]{section.0.5}{\376\377\000V\000e\000r\000i\000f\000i\000c\000a\000\347\000\343\000o\000\040\000d\000e\000\040\000N\000o\000t\000a\000\347\000\343\000o\000\040\000e\000\040\000C\000o\000n\000s\000i\000s\000t\000\352\000n\000c\000i\000a}{}% 12
\BOOKMARK [2][-]{subsection.0.5.1}{\376\377\000N\000o\000t\000a\000\347\000\343\000o\000\040\000M\000a\000t\000e\000m\000\341\000t\000i\000c\000a}{section.0.5}% 13
\BOOKMARK [2][-]{subsection.0.5.2}{\376\377\000C\000o\000n\000s\000i\000s\000t\000\352\000n\000c\000i\000a\000\040\000d\000e\000\040\000S\000\355\000m\000b\000o\000l\000o\000s}{section.0.5}% 14
\BOOKMARK [1][-]{section.0.6}{\376\377\000V\000e\000r\000i\000f\000i\000c\000a\000\347\000\343\000o\000\040\000d\000e\000\040\000R\000e\000f\000e\000r\000\352\000n\000c\000i\000a\000s\000\040\000e\000\040\000C\000i\000t\000a\000\347\000\365\000e\000s}{}% 15
\BOOKMARK [2][-]{subsection.0.6.1}{\376\377\000C\000i\000t\000a\000\347\000\365\000e\000s\000\040\000n\000o\000\040\000T\000e\000x\000t\000o}{section.0.6}% 16
\BOOKMARK [2][-]{subsection.0.6.2}{\376\377\000B\000i\000b\000l\000i\000o\000g\000r\000a\000f\000i\000a}{section.0.6}% 17
\BOOKMARK [1][-]{section.0.7}{\376\377\000P\000o\000n\000t\000o\000s\000\040\000F\000o\000r\000t\000e\000s\000\040\000d\000o\000\040\000T\000r\000a\000b\000a\000l\000h\000o}{}% 18
\BOOKMARK [1][-]{section.0.8}{\376\377\000P\000o\000s\000s\000\355\000v\000e\000i\000s\000\040\000M\000e\000l\000h\000o\000r\000i\000a\000s}{}% 19
\BOOKMARK [1][-]{section.0.9}{\376\377\000V\000e\000r\000i\000f\000i\000c\000a\000\347\000\365\000e\000s\000\040\000E\000s\000p\000e\000c\000\355\000f\000i\000c\000a\000s\000\040\000p\000o\000r\000\040\000S\000e\000\347\000\343\000o}{}% 20
\BOOKMARK [2][-]{subsection.0.9.1}{\376\377\000S\000e\000\347\000\343\000o\000\040\0001\000:\000\040\000M\000o\000d\000e\000l\000o\000\040\000e\000\040\000F\000u\000n\000d\000a\000m\000e\000n\000t\000o\000s\000\040\000T\000e\000\363\000r\000i\000c\000o\000s}{section.0.9}% 21
\BOOKMARK [2][-]{subsection.0.9.2}{\376\377\000S\000e\000\347\000\343\000o\000\040\0002\000:\000\040\000T\000e\000s\000t\000e\000\040\000d\000e\000\040\000H\000i\000p\000\363\000t\000e\000s\000e\000\040\000H\0000\000:\000\040\000b\000o\000l\000d\0000\000m\000u\000\040\000m\000u\000m\000u\000\040\000`\0001\0002\000`\0001\0002\000`\0001\003\004\0002\0001\000\040\000=\000\040\0000\000p\000\040\000-\000\040\000A\000n\000\341\000l\000i\000s\000e\000\040\000D\000e\000t\000a\000l\000h\000a\000d\000a}{section.0.9}% 22
\BOOKMARK [2][-]{subsection.0.9.3}{\376\377\000S\000e\000\347\000\343\000o\000\040\0003\000:\000\040\000A\000n\000\341\000l\000i\000s\000e\000\040\000d\000e\000\040\000V\000a\000r\000i\000\342\000n\000c\000i\000a}{section.0.9}% 23
\BOOKMARK [1][-]{section.0.10}{\376\377\000R\000e\000s\000u\000m\000o\000\040\000E\000x\000e\000c\000u\000t\000i\000v\000o\000:\000\040\000A\000v\000a\000l\000i\000a\000\347\000\343\000o\000\040\000d\000o\000\040\000T\000e\000s\000t\000e\000\040\000H\0000\000:\000\040\000b\000o\000l\000d\0000\000m\000u\000\040\000m\000u\000m\000u\000\040\000`\0001\0002\000`\0001\0002\000`\0001\003\004\0002\0001\000\040\000=\000\040\0000\000p}{}% 24
\BOOKMARK [2][-]{subsection.0.10.1}{\376\377\000A\000v\000a\000l\000i\000a\000\347\000\343\000o\000\040\000G\000e\000r\000a\000l}{section.0.10}% 25
\BOOKMARK [2][-]{subsection.0.10.2}{\376\377\000P\000r\000i\000n\000c\000i\000p\000a\000i\000s\000\040\000C\000o\000n\000q\000u\000i\000s\000t\000a\000s\000\040\000E\000s\000p\000e\000c\000\355\000f\000i\000c\000a\000s\000\040\000d\000o\000\040\000T\000e\000s\000t\000e\000\040\000H\0000\000:\000\040\000b\000o\000l\000d\0000\000m\000u\000\040\000m\000u\000m\000u\000\040\000`\0001\0002\000`\0001\0002\000`\0001\003\004\0002\0001\000\040\000=\000\040\0000\000p}{section.0.10}% 26
\BOOKMARK [2][-]{subsection.0.10.3}{\376\377\000R\000e\000c\000o\000m\000e\000n\000d\000a\000\347\000\365\000e\000s\000\040\000F\000i\000n\000a\000i\000s}{section.0.10}% 27
\BOOKMARK [1][-]{section.0.11}{\376\377\000C\000o\000n\000c\000l\000u\000s\000\343\000o\000:\000\040\000A\000v\000a\000l\000i\000a\000\347\000\343\000o\000\040\000F\000i\000n\000a\000l\000\040\000d\000o\000\040\000T\000e\000s\000t\000e\000\040\000H\0000\000:\000\040\000b\000o\000l\000d\0000\000m\000u\000\040\000m\000u\000m\000u\000\040\000`\0001\0002\000`\0001\0002\000`\0001\003\004\0002\0001\000\040\000=\000\040\0000\000p}{}% 28
