\BOOKMARK [1][-]{section.1}{\376\377\000C\000o\000n\000c\000e\000i\000t\000o\000s\000\040\000F\000u\000n\000d\000a\000m\000e\000n\000t\000a\000i\000s}{}% 1
\BOOKMARK [2][-]{subsection.1.1}{\376\377\000D\000e\000f\000i\000n\000i\000\347\000\365\000e\000s\000\040\000B\000\341\000s\000i\000c\000a\000s}{section.1}% 2
\BOOKMARK [2][-]{subsection.1.2}{\376\377\000T\000i\000p\000o\000s\000\040\000d\000e\000\040\000E\000r\000r\000o}{section.1}% 3
\BOOKMARK [1][-]{section.2}{\376\377\000L\000E\000M\000A\000\040\000D\000E\000\040\000N\000E\000Y\000M\000A\000N\000-\000P\000E\000A\000R\000S\000O\000N\000\040\000\050\000L\000N\000P\000\051}{}% 4
\BOOKMARK [2][-]{subsection.2.1}{\376\377\000C\000o\000n\000t\000e\000x\000t\000o\000\040\000e\000\040\000M\000o\000t\000i\000v\000a\000\347\000\343\000o}{section.2}% 5
\BOOKMARK [2][-]{subsection.2.2}{\376\377\000E\000n\000u\000n\000c\000i\000a\000d\000o\000\040\000d\000o\000\040\000T\000e\000o\000r\000e\000m\000a}{section.2}% 6
\BOOKMARK [2][-]{subsection.2.3}{\376\377\000D\000e\000m\000o\000n\000s\000t\000r\000a\000\347\000\343\000o\000\040\000C\000o\000m\000p\000l\000e\000t\000a\000\040\000d\000o\000\040\000L\000N\000P}{section.2}% 7
\BOOKMARK [2][-]{subsection.2.4}{\376\377\000A\000n\000\341\000l\000i\000s\000e\000\040\000D\000e\000t\000a\000l\000h\000a\000d\000a\000\040\000d\000a\000\040\000D\000e\000m\000o\000n\000s\000t\000r\000a\000\347\000\343\000o}{section.2}% 8
\BOOKMARK [2][-]{subsection.2.5}{\376\377\000I\000n\000t\000e\000r\000p\000r\000e\000t\000a\000\347\000\343\000o\000\040\000G\000e\000o\000m\000\351\000t\000r\000i\000c\000a\000\040\000d\000o\000\040\000L\000N\000P}{section.2}% 9
\BOOKMARK [2][-]{subsection.2.6}{\376\377\000O\000b\000s\000e\000r\000v\000a\000\347\000\365\000e\000s\000\040\000I\000m\000p\000o\000r\000t\000a\000n\000t\000e\000s\000\040\000s\000o\000b\000r\000e\000\040\000o\000\040\000L\000N\000P}{section.2}% 10
\BOOKMARK [1][-]{section.3}{\376\377\000T\000e\000s\000t\000e\000\040\000p\000a\000r\000a\000\040\000H\000i\000p\000\363\000t\000e\000s\000e\000s\000\040\000C\000o\000m\000p\000o\000s\000t\000a\000s\000\040\000U\000n\000i\000l\000a\000t\000e\000r\000a\000i\000s}{}% 11
\BOOKMARK [2][-]{subsection.3.1}{\376\377\000R\000a\000z\000\343\000o\000\040\000d\000e\000\040\000V\000e\000r\000o\000s\000s\000i\000m\000i\000l\000h\000a\000n\000\347\000a\000\040\000M\000o\000n\000\363\000t\000o\000n\000a\000\040\000\050\000R\000V\000M\000\051}{section.3}% 12
\BOOKMARK [2][-]{subsection.3.2}{\376\377\000R\000V\000M\000\040\000n\000a\000\040\000F\000a\000m\000\355\000l\000i\000a\000\040\000E\000x\000p\000o\000n\000e\000n\000c\000i\000a\000l}{section.3}% 13
\BOOKMARK [1][-]{section.4}{\376\377\000T\000e\000o\000r\000e\000m\000a\000\040\000d\000e\000\040\000K\000a\000r\000l\000i\000n\000-\000R\000u\000b\000i\000n}{}% 14
\BOOKMARK [1][-]{section.5}{\376\377\000T\000o\000d\000a\000s\000\040\000a\000s\000\040\000D\000e\000f\000i\000n\000i\000\347\000\365\000e\000s\000\040\000I\000m\000p\000o\000r\000t\000a\000n\000t\000e\000s}{}% 15
\BOOKMARK [1][-]{section.6}{\376\377\000R\000e\000s\000u\000m\000o\000\040\000d\000e\000\040\000T\000o\000d\000o\000s\000\040\000o\000s\000\040\000T\000e\000o\000r\000e\000m\000a\000s\000\040\000P\000r\000i\000n\000c\000i\000p\000a\000i\000s}{}% 16
\BOOKMARK [2][-]{subsection.6.1}{\376\377\000Q\000u\000a\000d\000r\000o\000\040\000C\000o\000m\000p\000a\000r\000a\000t\000i\000v\000o\000\040\000d\000o\000s\000\040\000T\000e\000o\000r\000e\000m\000a\000s}{section.6}% 17
\BOOKMARK [1][-]{section.7}{\376\377\000G\000u\000i\000a\000\040\000d\000e\000\040\000E\000s\000t\000u\000d\000o\000\040\000p\000a\000r\000a\000\040\000a\000\040\000P\000r\000o\000v\000a}{}% 18
\BOOKMARK [2][-]{subsection.7.1}{\376\377\000C\000h\000e\000c\000k\000l\000i\000s\000t\000\040\000d\000e\000\040\000C\000o\000n\000t\000e\000\372\000d\000o\000s\000\040\000p\000a\000r\000a\000\040\000D\000o\000m\000i\000n\000a\000r}{section.7}% 19
\BOOKMARK [2][-]{subsection.7.2}{\376\377\000E\000s\000t\000r\000a\000t\000\351\000g\000i\000a\000s\000\040\000p\000a\000r\000a\000\040\000D\000e\000m\000o\000n\000s\000t\000r\000a\000\347\000\365\000e\000s\000\040\000n\000a\000\040\000P\000r\000o\000v\000a}{section.7}% 20
\BOOKMARK [1][-]{section.8}{\376\377\000F\000o\000r\000m\000u\000l\000\341\000r\000i\000o\000\040\000d\000e\000\040\000R\000e\000f\000e\000r\000\352\000n\000c\000i\000a\000\040\000R\000\341\000p\000i\000d\000a}{}% 21
\BOOKMARK [2][-]{subsection.8.1}{\376\377\000E\000s\000t\000a\000t\000\355\000s\000t\000i\000c\000a\000s\000\040\000d\000e\000\040\000T\000e\000s\000t\000e\000\040\000P\000r\000i\000n\000c\000i\000p\000a\000i\000s}{section.8}% 22
\BOOKMARK [2][-]{subsection.8.2}{\376\377\000F\000\363\000r\000m\000u\000l\000a\000s\000\040\000I\000m\000p\000o\000r\000t\000a\000n\000t\000e\000s}{section.8}% 23
\BOOKMARK [1][-]{section.9}{\376\377\000E\000x\000e\000m\000p\000l\000o\000s\000\040\000T\000r\000a\000b\000a\000l\000h\000a\000d\000o\000s\000\040\000d\000a\000\040\000T\000e\000o\000r\000i\000a}{}% 24
\BOOKMARK [2][-]{subsection.9.1}{\376\377\000E\000x\000e\000m\000p\000l\000o\000\040\0001\000:\000\040\000V\000e\000r\000i\000f\000i\000c\000a\000n\000d\000o\000\040\000R\000V\000M\000\040\000p\000a\000r\000a\000\040\000N\000o\000r\000m\000a\000l}{section.9}% 25
\BOOKMARK [2][-]{subsection.9.2}{\376\377\000E\000x\000e\000m\000p\000l\000o\000\040\0002\000:\000\040\000A\000p\000l\000i\000c\000a\000n\000d\000o\000\040\000L\000N\000P\000\040\000p\000a\000r\000a\000\040\000N\000o\000r\000m\000a\000l}{section.9}% 26
\BOOKMARK [1][-]{section.10}{\376\377\000C\000o\000n\000e\000x\000\365\000e\000s\000\040\000E\000n\000t\000r\000e\000\040\000o\000s\000\040\000C\000o\000n\000c\000e\000i\000t\000o\000s}{}% 27
\BOOKMARK [1][-]{section.11}{\376\377\000P\000e\000r\000g\000u\000n\000t\000a\000s\000\040\000F\000r\000e\000q\000u\000e\000n\000t\000e\000s\000\040\000p\000a\000r\000a\000\040\000a\000\040\000P\000r\000o\000v\000a}{}% 28
\BOOKMARK [2][-]{subsection.11.1}{\376\377\000D\000\372\000v\000i\000d\000a\000s\000\040\000C\000o\000m\000u\000n\000s\000\040\000s\000o\000b\000r\000e\000\040\000o\000\040\000L\000N\000P}{section.11}% 29
\BOOKMARK [1][-]{section.12}{\376\377\000T\000e\000s\000t\000e\000s\000\040\000p\000a\000r\000a\000\040\000H\000i\000p\000\363\000t\000e\000s\000e\000s\000\040\000B\000i\000l\000a\000t\000e\000r\000a\000i\000s\000\040\000\050\000S\000e\000\347\000\343\000o\000\040\0004\000.\0005\000\051}{}% 30
\BOOKMARK [2][-]{subsection.12.1}{\376\377\000O\000\040\000P\000r\000o\000b\000l\000e\000m\000a\000\040\000d\000e\000\040\000H\000i\000p\000\363\000t\000e\000s\000e\000s\000\040\000B\000i\000l\000a\000t\000e\000r\000a\000i\000s}{section.12}% 31
\BOOKMARK [2][-]{subsection.12.2}{\376\377\000E\000x\000e\000m\000p\000l\000o\000\040\0004\000.\0005\000.\0001\000:\000\040\000N\000\303\000O\000\040\000E\000x\000i\000s\000t\000\352\000n\000c\000i\000a\000\040\000d\000e\000\040\000T\000e\000s\000t\000e\000\040\000U\000M\000P\000\040\000\050\000N\000o\000r\000m\000a\000l\000\051}{section.12}% 32
\BOOKMARK [2][-]{subsection.12.3}{\376\377\000E\000x\000e\000m\000p\000l\000o\000\040\0004\000.\0005\000.\0002\000:\000\040\000E\000X\000I\000S\000T\000\312\000N\000C\000I\000A\000\040\000d\000e\000\040\000T\000e\000s\000t\000e\000\040\000U\000M\000P\000\040\000\050\000U\000n\000i\000f\000o\000r\000m\000e\000\051}{section.12}% 33
\BOOKMARK [2][-]{subsection.12.4}{\376\377\000T\000e\000o\000r\000e\000m\000a\000\040\0004\000.\0005\000.\0001\000:\000\040\000T\000e\000s\000t\000e\000\040\000U\000M\000P\000\040\000B\000i\000l\000a\000t\000e\000r\000a\000l\000\040\000p\000a\000r\000a\000\040\000U\000n\000i\000f\000o\000r\000m\000e}{section.12}% 34
\BOOKMARK [2][-]{subsection.12.5}{\376\377\000C\000o\000m\000p\000a\000r\000a\000\347\000\343\000o\000\040\000F\000i\000n\000a\000l\000:\000\040\000N\000o\000r\000m\000a\000l\000\040\000v\000s\000\040\000U\000n\000i\000f\000o\000r\000m\000e\000\040\000\050\000B\000i\000l\000a\000t\000e\000r\000a\000l\000\051}{section.12}% 35
\BOOKMARK [1][-]{section.13}{\376\377\000M\000a\000t\000e\000r\000i\000a\000l\000\040\000d\000e\000\040\000R\000e\000v\000i\000s\000\343\000o\000\040\000F\000i\000n\000a\000l}{}% 36
\BOOKMARK [2][-]{subsection.13.1}{\376\377\000P\000r\000i\000n\000c\000i\000p\000a\000i\000s\000\040\000E\000q\000u\000a\000\347\000\365\000e\000s\000\040\000p\000a\000r\000a\000\040\000M\000e\000m\000o\000r\000i\000z\000a\000r}{section.13}% 37
\BOOKMARK [2][-]{subsection.13.2}{\376\377\000S\000i\000m\000u\000l\000a\000d\000o\000\040\000d\000e\000\040\000Q\000u\000e\000s\000t\000\365\000e\000s\000\040\000T\000e\000\363\000r\000i\000c\000a\000s}{section.13}% 38
\BOOKMARK [2][-]{subsection.13.3}{\376\377\000G\000a\000b\000a\000r\000i\000t\000o\000\040\000R\000e\000s\000u\000m\000i\000d\000o}{section.13}% 39
\BOOKMARK [1][-]{section.14}{\376\377\000C\000o\000n\000c\000l\000u\000s\000\343\000o\000\040\000e\000\040\000R\000e\000c\000o\000m\000e\000n\000d\000a\000\347\000\365\000e\000s}{}% 40
\BOOKMARK [2][-]{subsection.14.1}{\376\377\000P\000r\000i\000o\000r\000i\000d\000a\000d\000e\000s\000\040\000d\000e\000\040\000E\000s\000t\000u\000d\000o}{section.14}% 41
\BOOKMARK [2][-]{subsection.14.2}{\376\377\000C\000o\000m\000o\000\040\000E\000s\000t\000u\000d\000a\000r\000\040\000p\000a\000r\000a\000\040\000a\000\040\000P\000r\000o\000v\000a}{section.14}% 42
\BOOKMARK [2][-]{subsection.14.3}{\376\377\000F\000r\000a\000s\000e\000s\000\040\000p\000a\000r\000a\000\040\000L\000e\000m\000b\000r\000a\000r}{section.14}% 43
