\BOOKMARK [1][-]{section.1}{\376\377\000I\000n\000t\000r\000o\000d\000u\000\347\000\343\000o}{}% 1
\BOOKMARK [1][-]{section.2}{\376\377\000R\000e\000s\000u\000l\000t\000a\000d\000o\000\040\0001\000P\000:\000\040\000L\000e\000i\000\040\000F\000r\000a\000c\000a\000\040\000d\000o\000s\000\040\000G\000r\000a\000n\000d\000e\000s\000\040\000N\000\372\000m\000e\000r\000o\000s\000\040\000\050\000V\000e\000r\000s\000\343\000o\000\040\000S\000i\000m\000p\000l\000e\000s\000\051}{}% 2
\BOOKMARK [1][-]{section.3}{\376\377\000R\000e\000s\000u\000l\000t\000a\000d\000o\000\040\0002\000P\000:\000\040\000C\000o\000n\000v\000e\000r\000g\000\352\000n\000c\000i\000a\000\040\000v\000i\000a\000\040\000M\000o\000m\000e\000n\000t\000o\000s}{}% 3
\BOOKMARK [1][-]{section.4}{\376\377\000R\000e\000s\000u\000l\000t\000a\000d\000o\000\040\0003\000P\000:\000\040\000L\000e\000i\000\040\000F\000r\000a\000c\000a\000\040\000d\000o\000s\000\040\000G\000r\000a\000n\000d\000e\000s\000\040\000N\000\372\000m\000e\000r\000o\000s\000\040\000d\000e\000\040\000K\000h\000i\000n\000c\000h\000i\000n}{}% 4
\BOOKMARK [1][-]{section.5}{\376\377\000R\000e\000s\000u\000l\000t\000a\000d\000o\000\040\0005\000P\000:\000\040\000T\000e\000o\000r\000e\000m\000a\000\040\000d\000a\000\040\000F\000u\000n\000\347\000\343\000o\000\040\000C\000o\000n\000t\000\355\000n\000u\000a}{}% 5
\BOOKMARK [1][-]{section.6}{\376\377\000T\000e\000o\000r\000e\000m\000a\000\040\000d\000e\000\040\000S\000l\000u\000t\000s\000k\000y\000\040\000\050\000R\000e\000s\000u\000l\000t\000a\000d\000o\000\040\0003\000D\000/\0003\0009\000\051}{}% 6
\BOOKMARK [1][-]{section.7}{\376\377\000T\000e\000o\000r\000e\000m\000a\000\040\000C\000e\000n\000t\000r\000a\000l\000\040\000d\000o\000\040\000L\000i\000m\000i\000t\000e\000\040\000\050\000R\000e\000s\000u\000l\000t\000a\000d\000o\000\040\0003\000.\0007\000.\0006\000.\0001\000\050\000a\000\051\000\051}{}% 7
\BOOKMARK [1][-]{section.8}{\376\377\000T\000e\000o\000r\000e\000m\000a\000\040\000d\000e\000\040\000M\000a\000n\000n\000-\000W\000a\000l\000d\000\040\000/\000\040\000M\000\351\000t\000o\000d\000o\000\040\000D\000e\000l\000t\000a\000\040\000\050\0003\000.\0007\000.\0006\000.\0002\000\050\000a\000\051\000\051}{}% 8
\BOOKMARK [1][-]{section.9}{\376\377\000T\000e\000o\000r\000e\000m\000a\000\040\000C\000e\000n\000t\000r\000a\000l\000\040\000d\000o\000\040\000L\000i\000m\000i\000t\000e\000\040\000p\000a\000r\000a\000\040\000V\000a\000r\000i\000\342\000n\000c\000i\000a\000\040\000A\000m\000o\000s\000t\000r\000a\000l\000\040\000\050\0003\000.\0007\000.\0006\000.\0003\000\050\000a\000\051\000\051}{}% 9
\BOOKMARK [1][-]{section.10}{\376\377\000T\000e\000o\000r\000e\000m\000a\000\040\000d\000a\000\040\000F\000u\000n\000\347\000\343\000o\000\040\000C\000o\000n\000t\000\355\000n\000u\000a\000\040\000p\000a\000r\000a\000\040\000C\000o\000n\000v\000e\000r\000g\000\352\000n\000c\000i\000a\000\040\000e\000m\000\040\000D\000i\000s\000t\000r\000i\000b\000u\000i\000\347\000\343\000o\000\040\000\050\0003\000.\0007\000.\0006\000.\0004\000\050\000a\000\051\000\051}{}% 10
\BOOKMARK [1][-]{section.11}{\376\377\000E\000s\000t\000i\000m\000a\000d\000o\000r\000e\000s\000\040\000C\000o\000n\000s\000i\000s\000t\000e\000n\000t\000e\000s\000\040\000\050\000S\000e\000\347\000\343\000o\000\040\0003\000.\0007\000\051}{}% 11
\BOOKMARK [2][-]{subsection.11.1}{\376\377\000D\000e\000f\000i\000n\000i\000\347\000\343\000o\000\040\000d\000e\000\040\000C\000o\000n\000s\000i\000s\000t\000\352\000n\000c\000i\000a}{section.11}% 12
\BOOKMARK [2][-]{subsection.11.2}{\376\377\000E\000x\000e\000m\000p\000l\000o\000:\000\040\000C\000o\000n\000s\000i\000s\000t\000\352\000n\000c\000i\000a\000\040\000d\000o\000\040\000M\000\341\000x\000i\000m\000o\000\040\000d\000a\000\040\000U\000n\000i\000f\000o\000r\000m\000e}{section.11}% 13
\BOOKMARK [1][-]{section.12}{\376\377\000P\000r\000o\000p\000r\000i\000e\000d\000a\000d\000e\000s\000\040\000A\000s\000s\000i\000n\000t\000\363\000t\000i\000c\000a\000s\000\040\000d\000o\000s\000\040\000E\000M\000V\000s\000\040\000\050\000S\000e\000\347\000\343\000o\000\040\0003\000.\0008\000\051}{}% 14
\BOOKMARK [2][-]{subsection.12.1}{\376\377\000E\000f\000i\000c\000i\000\352\000n\000c\000i\000a\000\040\000R\000e\000l\000a\000t\000i\000v\000a\000\040\000A\000s\000s\000i\000n\000t\000\363\000t\000i\000c\000a}{section.12}% 15
\BOOKMARK [2][-]{subsection.12.2}{\376\377\000T\000e\000o\000r\000e\000m\000a\000\040\000C\000e\000n\000t\000r\000a\000l\000\040\000d\000o\000\040\000L\000i\000m\000i\000t\000e\000\040\000p\000a\000r\000a\000\040\000E\000M\000V\000s}{section.12}% 16
\BOOKMARK [1][-]{section.13}{\376\377\000R\000a\000n\000k\000i\000n\000g\000\040\000d\000e\000\040\000P\000r\000i\000o\000r\000i\000d\000a\000d\000e\000\040\000d\000a\000s\000\040\000D\000e\000m\000o\000n\000s\000t\000r\000a\000\347\000\365\000e\000s}{}% 17
\BOOKMARK [2][-]{subsection.13.1}{\376\377\000T\000a\000b\000e\000l\000a\000\040\000d\000e\000\040\000A\000v\000a\000l\000i\000a\000\347\000\343\000o}{section.13}% 18
\BOOKMARK [2][-]{subsection.13.2}{\376\377\000R\000a\000n\000k\000i\000n\000g\000\040\000F\000i\000n\000a\000l\000:\000\040\000T\000o\000p\000\040\0005\000\040\000D\000e\000m\000o\000n\000s\000t\000r\000a\000\347\000\365\000e\000s}{section.13}% 19
\BOOKMARK [3][-]{subsubsection.13.2.1}{\376\377\0001\000\272\000\040\000L\000u\000g\000a\000r\000:\000\040\000T\000e\000o\000r\000e\000m\000a\000\040\000C\000e\000n\000t\000r\000a\000l\000\040\000d\000o\000\040\000L\000i\000m\000i\000t\000e\000\040\000\050\000N\000o\000t\000a\000:\000\040\0009\000.\0008\0005\000\051}{subsection.13.2}% 20
\BOOKMARK [3][-]{subsubsection.13.2.2}{\376\377\0002\000\272\000\040\000L\000u\000g\000a\000r\000:\000\040\000M\000\351\000t\000o\000d\000o\000\040\000D\000e\000l\000t\000a\000\040\000/\000\040\000T\000e\000o\000r\000e\000m\000a\000\040\000d\000e\000\040\000M\000a\000n\000n\000-\000W\000a\000l\000d\000\040\000\050\000N\000o\000t\000a\000:\000\040\0008\000.\0009\0005\000\051}{subsection.13.2}% 21
\BOOKMARK [3][-]{subsubsection.13.2.3}{\376\377\0003\000\272\000\040\000L\000u\000g\000a\000r\000:\000\040\000T\000e\000o\000r\000e\000m\000a\000\040\000d\000e\000\040\000S\000l\000u\000t\000s\000k\000y\000\040\000\050\000N\000o\000t\000a\000:\000\040\0008\000.\0006\0005\000\051}{subsection.13.2}% 22
\BOOKMARK [3][-]{subsubsection.13.2.4}{\376\377\0004\000\272\000\040\000L\000u\000g\000a\000r\000:\000\040\000T\000C\000L\000\040\000p\000a\000r\000a\000\040\000V\000a\000r\000i\000\342\000n\000c\000i\000a\000\040\000A\000m\000o\000s\000t\000r\000a\000l\000\040\000S\000n\0002\000\040\000\050\000N\000o\000t\000a\000:\000\040\0008\000.\0001\0005\000\051}{subsection.13.2}% 23
\BOOKMARK [3][-]{subsubsection.13.2.5}{\376\377\0005\000\272\000\040\000L\000u\000g\000a\000r\000:\000\040\000L\000F\000G\000N\000\040\000d\000e\000\040\000K\000h\000i\000n\000c\000h\000i\000n\000\040\000\050\000N\000o\000t\000a\000:\000\040\0008\000.\0000\0005\000\051}{subsection.13.2}% 24
\BOOKMARK [2][-]{subsection.13.3}{\376\377\000E\000s\000t\000r\000a\000t\000\351\000g\000i\000a\000\040\000d\000e\000\040\000E\000s\000t\000u\000d\000o\000\040\000R\000e\000c\000o\000m\000e\000n\000d\000a\000d\000a}{section.13}% 25
\BOOKMARK [2][-]{subsection.13.4}{\376\377\000O\000b\000s\000e\000r\000v\000a\000\347\000\365\000e\000s\000\040\000F\000i\000n\000a\000i\000s}{section.13}% 26
