\BOOKMARK [1][-]{section.1}{\376\377\000I\000n\000t\000r\000o\000d\000u\000\347\000\343\000o}{}% 1
\BOOKMARK [1][-]{section.2}{\376\377\000N\000o\000t\000a\000\347\000\343\000o\000\040\000O\000\050\000\051\000\040\000e\000\040\000o\000\050\000\051\000\040\000-\000\040\000B\000i\000g\000\040\000O\000\040\000e\000\040\000L\000i\000t\000t\000l\000e\000\040\000o}{}% 2
\BOOKMARK [2][-]{subsection.2.1}{\376\377\000M\000o\000t\000i\000v\000a\000\347\000\343\000o\000\040\000e\000\040\000I\000n\000t\000u\000i\000\347\000\343\000o}{section.2}% 3
\BOOKMARK [2][-]{subsection.2.2}{\376\377\000D\000e\000f\000i\000n\000i\000\347\000\365\000e\000s\000\040\000F\000o\000r\000m\000a\000i\000s}{section.2}% 4
\BOOKMARK [2][-]{subsection.2.3}{\376\377\000P\000r\000o\000p\000r\000i\000e\000d\000a\000d\000e\000s\000\040\000I\000m\000p\000o\000r\000t\000a\000n\000t\000e\000s}{section.2}% 5
\BOOKMARK [2][-]{subsection.2.4}{\376\377\000A\000p\000l\000i\000c\000a\000\347\000\343\000o\000\040\000e\000m\000\040\000S\000\351\000r\000i\000e\000s\000\040\000d\000e\000\040\000T\000a\000y\000l\000o\000r}{section.2}% 6
\BOOKMARK [1][-]{section.3}{\376\377\000C\000o\000n\000v\000e\000r\000g\000\352\000n\000c\000i\000a\000\040\000e\000m\000\040\000P\000r\000o\000b\000a\000b\000i\000l\000i\000d\000a\000d\000e}{}% 7
\BOOKMARK [2][-]{subsection.3.1}{\376\377\000I\000n\000t\000u\000i\000\347\000\343\000o\000\040\000e\000\040\000D\000e\000f\000i\000n\000i\000\347\000\343\000o}{section.3}% 8
\BOOKMARK [2][-]{subsection.3.2}{\376\377\000I\000n\000t\000e\000r\000p\000r\000e\000t\000a\000\347\000\343\000o\000\040\000P\000r\000\341\000t\000i\000c\000a}{section.3}% 9
\BOOKMARK [2][-]{subsection.3.3}{\376\377\000M\000\351\000t\000o\000d\000o\000s\000\040\000p\000a\000r\000a\000\040\000P\000r\000o\000v\000a\000r\000\040\000C\000o\000n\000v\000e\000r\000g\000\352\000n\000c\000i\000a\000\040\000e\000m\000\040\000P\000r\000o\000b\000a\000b\000i\000l\000i\000d\000a\000d\000e}{section.3}% 10
\BOOKMARK [2][-]{subsection.3.4}{\376\377\000P\000r\000o\000p\000r\000i\000e\000d\000a\000d\000e\000s\000\040\000A\000l\000g\000\351\000b\000r\000i\000c\000a\000s}{section.3}% 11
\BOOKMARK [1][-]{section.4}{\376\377\000C\000o\000n\000v\000e\000r\000g\000\352\000n\000c\000i\000a\000\040\000e\000m\000\040\000D\000i\000s\000t\000r\000i\000b\000u\000i\000\347\000\343\000o}{}% 12
\BOOKMARK [2][-]{subsection.4.1}{\376\377\000D\000e\000f\000i\000n\000i\000\347\000\343\000o\000\040\000e\000\040\000D\000i\000f\000e\000r\000e\000n\000\347\000a\000s}{section.4}% 13
\BOOKMARK [2][-]{subsection.4.2}{\376\377\000D\000i\000f\000e\000r\000e\000n\000\347\000a\000s\000\040\000e\000n\000t\000r\000e\000\040\000C\000o\000n\000v\000e\000r\000g\000\352\000n\000c\000i\000a\000s}{section.4}% 14
\BOOKMARK [2][-]{subsection.4.3}{\376\377\000M\000\351\000t\000o\000d\000o\000\040\000d\000a\000\040\000F\000u\000n\000\347\000\343\000o\000\040\000G\000e\000r\000a\000d\000o\000r\000a\000\040\000d\000e\000\040\000M\000o\000m\000e\000n\000t\000o\000s}{section.4}% 15
\BOOKMARK [1][-]{section.5}{\376\377\000L\000e\000i\000\040\000F\000r\000a\000c\000a\000\040\000d\000o\000s\000\040\000G\000r\000a\000n\000d\000e\000s\000\040\000N\000\372\000m\000e\000r\000o\000s}{}% 16
\BOOKMARK [2][-]{subsection.5.1}{\376\377\000V\000e\000r\000s\000\365\000e\000s\000\040\000e\000\040\000I\000n\000t\000e\000r\000p\000r\000e\000t\000a\000\347\000\343\000o}{section.5}% 17
\BOOKMARK [2][-]{subsection.5.2}{\376\377\000I\000n\000t\000e\000r\000p\000r\000e\000t\000a\000\347\000\343\000o\000\040\000P\000r\000\341\000t\000i\000c\000a}{section.5}% 18
\BOOKMARK [2][-]{subsection.5.3}{\376\377\000A\000p\000l\000i\000c\000a\000\347\000\365\000e\000s}{section.5}% 19
\BOOKMARK [1][-]{section.6}{\376\377\000T\000e\000o\000r\000e\000m\000a\000\040\000C\000e\000n\000t\000r\000a\000l\000\040\000d\000o\000\040\000L\000i\000m\000i\000t\000e}{}% 20
\BOOKMARK [2][-]{subsection.6.1}{\376\377\000E\000n\000u\000n\000c\000i\000a\000d\000o\000\040\000e\000\040\000I\000m\000p\000o\000r\000t\000\342\000n\000c\000i\000a}{section.6}% 21
\BOOKMARK [2][-]{subsection.6.2}{\376\377\000P\000o\000r\000\040\000Q\000u\000e\000\040\000\351\000\040\000T\000\343\000o\000\040\000I\000m\000p\000o\000r\000t\000a\000n\000t\000e\000?}{section.6}% 22
\BOOKMARK [2][-]{subsection.6.3}{\376\377\000I\000n\000t\000e\000r\000p\000r\000e\000t\000a\000\347\000\343\000o\000\040\000G\000e\000o\000m\000\351\000t\000r\000i\000c\000a}{section.6}% 23
\BOOKMARK [2][-]{subsection.6.4}{\376\377\000V\000e\000r\000s\000\365\000e\000s\000\040\000P\000a\000d\000r\000o\000n\000i\000z\000a\000d\000a\000s}{section.6}% 24
\BOOKMARK [1][-]{section.7}{\376\377\000T\000e\000o\000r\000e\000m\000a\000\040\000d\000e\000\040\000S\000l\000u\000t\000s\000k\000y}{}% 25
\BOOKMARK [2][-]{subsection.7.1}{\376\377\000E\000n\000u\000n\000c\000i\000a\000d\000o\000\040\000e\000\040\000U\000t\000i\000l\000i\000d\000a\000d\000e}{section.7}% 26
\BOOKMARK [2][-]{subsection.7.2}{\376\377\000P\000o\000r\000\040\000Q\000u\000e\000\040\000\351\000\040\000\332\000t\000i\000l\000?}{section.7}% 27
\BOOKMARK [2][-]{subsection.7.3}{\376\377\000A\000p\000l\000i\000c\000a\000\347\000\343\000o\000\040\000e\000m\000\040\000T\000e\000s\000t\000e\000s\000\040\000d\000e\000\040\000H\000i\000p\000\363\000t\000e\000s\000e\000s}{section.7}% 28
\BOOKMARK [1][-]{section.8}{\376\377\000T\000e\000o\000r\000e\000m\000a\000\040\000d\000e\000\040\000M\000a\000n\000n\000-\000W\000a\000l\000d\000\040\000\050\000M\000\351\000t\000o\000d\000o\000\040\000D\000e\000l\000t\000a\000\051}{}% 29
\BOOKMARK [2][-]{subsection.8.1}{\376\377\000E\000n\000u\000n\000c\000i\000a\000d\000o}{section.8}% 30
\BOOKMARK [2][-]{subsection.8.2}{\376\377\000I\000n\000t\000e\000r\000p\000r\000e\000t\000a\000\347\000\343\000o}{section.8}% 31
\BOOKMARK [2][-]{subsection.8.3}{\376\377\000I\000d\000e\000i\000a\000\040\000d\000a\000\040\000P\000r\000o\000v\000a}{section.8}% 32
\BOOKMARK [2][-]{subsection.8.4}{\376\377\000A\000p\000l\000i\000c\000a\000\347\000\365\000e\000s\000\040\000P\000r\000\341\000t\000i\000c\000a\000s}{section.8}% 33
\BOOKMARK [1][-]{section.9}{\376\377\000T\000e\000o\000r\000e\000m\000a\000\040\000C\000e\000n\000t\000r\000a\000l\000\040\000d\000o\000\040\000L\000i\000m\000i\000t\000e\000\040\000p\000a\000r\000a\000\040\000V\000a\000r\000i\000\342\000n\000c\000i\000a\000\040\000A\000m\000o\000s\000t\000r\000a\000l}{}% 34
\BOOKMARK [2][-]{subsection.9.1}{\376\377\000M\000o\000t\000i\000v\000a\000\347\000\343\000o}{section.9}% 35
\BOOKMARK [2][-]{subsection.9.2}{\376\377\000I\000n\000t\000e\000r\000p\000r\000e\000t\000a\000\347\000\343\000o}{section.9}% 36
\BOOKMARK [2][-]{subsection.9.3}{\376\377\000C\000o\000m\000p\000a\000r\000a\000\347\000\343\000o\000\040\000c\000o\000m\000\040\000N\000o\000r\000m\000a\000l\000i\000d\000a\000d\000e}{section.9}% 37
\BOOKMARK [2][-]{subsection.9.4}{\376\377\000I\000d\000e\000i\000a\000\040\000d\000a\000\040\000P\000r\000o\000v\000a}{section.9}% 38
\BOOKMARK [2][-]{subsection.9.5}{\376\377\000A\000p\000l\000i\000c\000a\000\347\000\343\000o\000\040\000P\000r\000\341\000t\000i\000c\000a}{section.9}% 39
\BOOKMARK [1][-]{section.10}{\376\377\000E\000s\000t\000i\000m\000a\000d\000o\000r\000e\000s\000\040\000C\000o\000n\000s\000i\000s\000t\000e\000n\000t\000e\000s}{}% 40
\BOOKMARK [2][-]{subsection.10.1}{\376\377\000D\000e\000f\000i\000n\000i\000\347\000\343\000o\000\040\000e\000\040\000I\000n\000t\000u\000i\000\347\000\343\000o}{section.10}% 41
\BOOKMARK [2][-]{subsection.10.2}{\376\377\000I\000n\000t\000e\000r\000p\000r\000e\000t\000a\000\347\000\343\000o\000\040\000P\000r\000\341\000t\000i\000c\000a}{section.10}% 42
\BOOKMARK [2][-]{subsection.10.3}{\376\377\000R\000e\000l\000a\000\347\000\343\000o\000\040\000e\000n\000t\000r\000e\000\040\000V\000i\000\351\000s\000,\000\040\000V\000a\000r\000i\000\342\000n\000c\000i\000a\000\040\000e\000\040\000C\000o\000n\000s\000i\000s\000t\000\352\000n\000c\000i\000a}{section.10}% 43
\BOOKMARK [2][-]{subsection.10.4}{\376\377\000E\000x\000e\000m\000p\000l\000o\000\040\000D\000e\000t\000a\000l\000h\000a\000d\000o\000:\000\040\000M\000\341\000x\000i\000m\000o\000\040\000d\000a\000\040\000U\000n\000i\000f\000o\000r\000m\000e}{section.10}% 44
\BOOKMARK [2][-]{subsection.10.5}{\376\377\000T\000a\000m\000a\000n\000h\000o\000\040\000A\000m\000o\000s\000t\000r\000a\000l\000\040\000M\000\355\000n\000i\000m\000o}{section.10}% 45
\BOOKMARK [1][-]{section.11}{\376\377\000P\000r\000o\000p\000r\000i\000e\000d\000a\000d\000e\000s\000\040\000A\000s\000s\000i\000n\000t\000\363\000t\000i\000c\000a\000s\000\040\000d\000o\000s\000\040\000E\000s\000t\000i\000m\000a\000d\000o\000r\000e\000s\000\040\000d\000e\000\040\000M\000\341\000x\000i\000m\000a\000\040\000V\000e\000r\000o\000s\000s\000i\000m\000i\000l\000h\000a\000n\000\347\000a}{}% 46
\BOOKMARK [2][-]{subsection.11.1}{\376\377\000I\000n\000t\000r\000o\000d\000u\000\347\000\343\000o}{section.11}% 47
\BOOKMARK [2][-]{subsection.11.2}{\376\377\000E\000f\000i\000c\000i\000\352\000n\000c\000i\000a\000\040\000R\000e\000l\000a\000t\000i\000v\000a\000\040\000A\000s\000s\000i\000n\000t\000\363\000t\000i\000c\000a}{section.11}% 48
\BOOKMARK [2][-]{subsection.11.3}{\376\377\000I\000n\000t\000e\000r\000p\000r\000e\000t\000a\000\347\000\343\000o}{section.11}% 49
\BOOKMARK [2][-]{subsection.11.4}{\376\377\000T\000e\000o\000r\000e\000m\000a\000\040\000C\000e\000n\000t\000r\000a\000l\000\040\000d\000o\000\040\000L\000i\000m\000i\000t\000e\000\040\000p\000a\000r\000a\000\040\000E\000M\000V\000s}{section.11}% 50
\BOOKMARK [2][-]{subsection.11.5}{\376\377\000C\000o\000n\000d\000i\000\347\000\365\000e\000s\000\040\000d\000e\000\040\000R\000e\000g\000u\000l\000a\000r\000i\000d\000a\000d\000e}{section.11}% 51
\BOOKMARK [2][-]{subsection.11.6}{\376\377\000P\000r\000o\000p\000r\000i\000e\000d\000a\000d\000e\000s\000\040\000d\000o\000s\000\040\000E\000M\000V\000s}{section.11}% 52
\BOOKMARK [2][-]{subsection.11.7}{\376\377\000L\000i\000m\000i\000t\000e\000\040\000I\000n\000f\000e\000r\000i\000o\000r\000\040\000d\000e\000\040\000C\000r\000a\000m\000\351\000r\000-\000R\000a\000o\000\040\000A\000s\000s\000i\000n\000t\000\363\000t\000i\000c\000o}{section.11}% 53
\BOOKMARK [2][-]{subsection.11.8}{\376\377\000A\000p\000l\000i\000c\000a\000\347\000\343\000o\000\040\000P\000r\000\341\000t\000i\000c\000a}{section.11}% 54
\BOOKMARK [2][-]{subsection.11.9}{\376\377\000V\000a\000n\000t\000a\000g\000e\000n\000s\000\040\000e\000\040\000L\000i\000m\000i\000t\000a\000\347\000\365\000e\000s}{section.11}% 55
\BOOKMARK [1][-]{section.12}{\376\377\000R\000e\000s\000u\000m\000o\000\040\000e\000\040\000C\000o\000n\000e\000x\000\365\000e\000s}{}% 56
\BOOKMARK [2][-]{subsection.12.1}{\376\377\000H\000i\000e\000r\000a\000r\000q\000u\000i\000a\000\040\000d\000a\000s\000\040\000C\000o\000n\000v\000e\000r\000g\000\352\000n\000c\000i\000a\000s}{section.12}% 57
\BOOKMARK [2][-]{subsection.12.2}{\376\377\000T\000e\000o\000r\000e\000m\000a\000s\000\040\000P\000r\000i\000n\000c\000i\000p\000a\000i\000s\000\040\000e\000\040\000S\000u\000a\000s\000\040\000R\000e\000l\000a\000\347\000\365\000e\000s}{section.12}% 58
\BOOKMARK [2][-]{subsection.12.3}{\376\377\000E\000s\000t\000r\000a\000t\000\351\000g\000i\000a\000\040\000d\000e\000\040\000R\000e\000s\000o\000l\000u\000\347\000\343\000o\000\040\000d\000e\000\040\000P\000r\000o\000b\000l\000e\000m\000a\000s}{section.12}% 59
\BOOKMARK [2][-]{subsection.12.4}{\376\377\000Q\000u\000a\000d\000r\000o\000\040\000S\000i\000n\000\363\000t\000i\000c\000o\000:\000\040\000Q\000u\000a\000n\000d\000o\000\040\000U\000s\000a\000r\000\040\000C\000a\000d\000a\000\040\000T\000e\000o\000r\000e\000m\000a}{section.12}% 60
\BOOKMARK [2][-]{subsection.12.5}{\376\377\000M\000e\000n\000s\000a\000g\000e\000m\000\040\000F\000i\000n\000a\000l}{section.12}% 61
