\BOOKMARK [1][-]{section.1}{\376\377\000I\000n\000t\000r\000o\000d\000u\000\347\000\343\000o}{}% 1
\BOOKMARK [1][-]{section.2}{\376\377\000L\000e\000i\000\040\000F\000r\000a\000c\000a\000\040\000d\000o\000s\000\040\000G\000r\000a\000n\000d\000e\000s\000\040\000N\000\372\000m\000e\000r\000o\000s}{}% 2
\BOOKMARK [1][-]{section.3}{\376\377\000C\000o\000n\000v\000e\000r\000g\000\352\000n\000c\000i\000a\000\040\000v\000i\000a\000\040\000M\000o\000m\000e\000n\000t\000o\000s\000\040\000\050\000R\000e\000s\000u\000l\000t\000a\000d\000o\000\040\0002\000P\000\051}{}% 3
\BOOKMARK [1][-]{section.4}{\376\377\000T\000e\000o\000r\000e\000m\000a\000\040\000d\000e\000\040\000S\000l\000u\000t\000s\000k\000y}{}% 4
\BOOKMARK [1][-]{section.5}{\376\377\000T\000e\000o\000r\000e\000m\000a\000\040\000C\000e\000n\000t\000r\000a\000l\000\040\000d\000o\000\040\000L\000i\000m\000i\000t\000e}{}% 5
\BOOKMARK [1][-]{section.6}{\376\377\000M\000\351\000t\000o\000d\000o\000\040\000D\000e\000l\000t\000a\000\040\000/\000\040\000T\000e\000o\000r\000e\000m\000a\000\040\000d\000e\000\040\000M\000a\000n\000n\000-\000W\000a\000l\000d}{}% 6
\BOOKMARK [1][-]{section.7}{\376\377\000C\000o\000n\000v\000e\000r\000g\000\352\000n\000c\000i\000a\000\040\000e\000m\000\040\000D\000i\000s\000t\000r\000i\000b\000u\000i\000\347\000\343\000o}{}% 7
\BOOKMARK [1][-]{section.8}{\376\377\000G\000a\000b\000a\000r\000i\000t\000o\000\040\000e\000\040\000D\000i\000c\000a\000s}{}% 8
\BOOKMARK [2][-]{subsection.8.1}{\376\377\000D\000i\000c\000a\000s\000\040\000G\000e\000r\000a\000i\000s\000\040\000d\000e\000\040\000R\000e\000s\000o\000l\000u\000\347\000\343\000o}{section.8}% 9
\BOOKMARK [2][-]{subsection.8.2}{\376\377\000R\000e\000s\000p\000o\000s\000t\000a\000s\000\040\000S\000e\000l\000e\000c\000i\000o\000n\000a\000d\000a\000s}{section.8}% 10
\BOOKMARK [1][-]{section.9}{\376\377\000T\000C\000L\000\040\000p\000a\000r\000a\000\040\000V\000a\000r\000i\000\342\000n\000c\000i\000a\000\040\000A\000m\000o\000s\000t\000r\000a\000l}{}% 11
\BOOKMARK [1][-]{section.10}{\376\377\000T\000e\000o\000r\000e\000m\000a\000\040\000d\000a\000\040\000F\000u\000n\000\347\000\343\000o\000\040\000C\000o\000n\000t\000\355\000n\000u\000a\000\040\000p\000a\000r\000a\000\040\000C\000o\000n\000v\000e\000r\000g\000\352\000n\000c\000i\000a\000\040\000e\000m\000\040\000D\000i\000s\000t\000r\000i\000b\000u\000i\000\347\000\343\000o}{}% 12
\BOOKMARK [1][-]{section.11}{\376\377\000E\000s\000t\000i\000m\000a\000d\000o\000r\000e\000s\000\040\000C\000o\000n\000s\000i\000s\000t\000e\000n\000t\000e\000s}{}% 13
\BOOKMARK [1][-]{section.12}{\376\377\000P\000r\000o\000p\000r\000i\000e\000d\000a\000d\000e\000s\000\040\000A\000s\000s\000i\000n\000t\000\363\000t\000i\000c\000a\000s\000\040\000d\000o\000s\000\040\000E\000M\000V\000s}{}% 14
\BOOKMARK [1][-]{section.13}{\376\377\000G\000a\000b\000a\000r\000i\000t\000o\000\040\000e\000\040\000D\000i\000c\000a\000s\000\040\000-\000\040\000P\000a\000r\000t\000e\000\040\0002}{}% 15
\BOOKMARK [2][-]{subsection.13.1}{\376\377\000D\000i\000c\000a\000s\000\040\000p\000a\000r\000a\000\040\000a\000s\000\040\000N\000o\000v\000a\000s\000\040\000Q\000u\000e\000s\000t\000\365\000e\000s}{section.13}% 16
\BOOKMARK [2][-]{subsection.13.2}{\376\377\000R\000e\000s\000p\000o\000s\000t\000a\000s\000\040\000S\000e\000l\000e\000c\000i\000o\000n\000a\000d\000a\000s\000\040\000-\000\040\000P\000a\000r\000t\000e\000\040\0002}{section.13}% 17
\BOOKMARK [1][-]{section.14}{\376\377\000C\000a\000p\000\355\000t\000u\000l\000o\000\040\0004\000\040\000-\000\040\000T\000e\000s\000t\000e\000s\000\040\000d\000e\000\040\000H\000i\000p\000\363\000t\000e\000s\000e\000s}{}% 18
\BOOKMARK [1][-]{section.15}{\376\377\000G\000a\000b\000a\000r\000i\000t\000o\000\040\000-\000\040\000C\000a\000p\000\355\000t\000u\000l\000o\000\040\0004}{}% 19
\BOOKMARK [2][-]{subsection.15.1}{\376\377\000D\000i\000c\000a\000s\000\040\000p\000a\000r\000a\000\040\000Q\000u\000e\000s\000t\000\365\000e\000s\000\040\000d\000e\000\040\000T\000e\000s\000t\000e\000s\000\040\000d\000e\000\040\000H\000i\000p\000\363\000t\000e\000s\000e\000s}{section.15}% 20
\BOOKMARK [2][-]{subsection.15.2}{\376\377\000R\000e\000s\000p\000o\000s\000t\000a\000s\000\040\000S\000e\000l\000e\000c\000i\000o\000n\000a\000d\000a\000s\000\040\000-\000\040\000C\000a\000p\000\355\000t\000u\000l\000o\000\040\0004}{section.15}% 21
\BOOKMARK [1][-]{section.16}{\376\377\000Q\000u\000e\000s\000t\000\365\000e\000s\000\040\000A\000d\000i\000c\000i\000o\000n\000a\000i\000s\000\040\000I\000n\000t\000e\000g\000r\000a\000d\000a\000s}{}% 22
\BOOKMARK [2][-]{subsection.16.1}{\376\377\000R\000e\000s\000p\000o\000s\000t\000a\000s\000\040\000S\000e\000l\000e\000c\000i\000o\000n\000a\000d\000a\000s\000\040\000-\000\040\000Q\000u\000e\000s\000t\000\365\000e\000s\000\040\000A\000d\000i\000c\000i\000o\000n\000a\000i\000s}{section.16}% 23
